<?xml version="1.0" encoding="UTF-8"?>
<!-- Generated by org.testng.reporters.JUnitReportReporter -->
<testsuite skipped="0" hostname="DESKTOP-E4HEUJD" name="pack1.Test_1" tests="3" failures="0" timestamp="2022-01-20T15:30:41 IST" time="0.004" errors="0">
  <testcase name="test_11" time="0.002" classname="pack1.Test_1"/>
  <system-out/>
  <testcase name="test_12" time="0.001" classname="pack1.Test_1"/>
  <system-out/>
  <testcase name="test_13" time="0.001" classname="pack1.Test_1"/>
  <system-out/>
</testsuite> <!-- pack1.Test_1 -->
