<?xml version="1.0" encoding="UTF-8"?>
<!-- Generated by org.testng.reporters.JUnitReportReporter -->
<testsuite skipped="0" hostname="DESKTOP-E4HEUJD" name="pack1.Test_2" tests="3" failures="0" timestamp="2022-01-20T23:13:25 IST" time="0.006" errors="0">
  <testcase name="test_23" time="0.000" classname="pack1.Test_2"/>
  <system-out/>
  <testcase name="test_21" time="0.006" classname="pack1.Test_2"/>
  <system-out/>
  <testcase name="test_22" time="0.000" classname="pack1.Test_2"/>
  <system-out/>
</testsuite> <!-- pack1.Test_2 -->
